
> defi-tutorial@0.1.0 start
> react-scripts start

(node:45619) [DEP0111] DeprecationWarning: Access to process.binding('http_parser') is deprecated.
(Use `node --trace-deprecation ...` to show where the warning was created)
(node:45619) [DEP0111] DeprecationWarning: Access to process.binding('http_parser') is deprecated.
Starting the development server...

Error: error:0308010C:digital envelope routines::unsupported
    at new Hash (node:internal/crypto/hash:79:19)
    at Object.createHash (node:crypto:139:10)
    at module.exports (/Users/carlosrendon/PROYECTOS/Full-Stack DApp Development with React and Web3/Complete-DApp---Solidity-React---Blockchain-Development/defi-staking-app/node_modules/webpack/lib/util/createHash.js:90:53)
    at NormalModule._initBuildHash (/Users/carlosrendon/PROYECTOS/Full-Stack DApp Development with React and Web3/Complete-DApp---Solidity-React---Blockchain-Development/defi-staking-app/node_modules/webpack/lib/NormalModule.js:386:16)
    at handleParseError (/Users/carlosrendon/PROYECTOS/Full-Stack DApp Development with React and Web3/Complete-DApp---Solidity-React---Blockchain-Development/defi-staking-app/node_modules/webpack/lib/NormalModule.js:434:10)
    at /Users/carlosrendon/PROYECTOS/Full-Stack DApp Development with React and Web3/Complete-DApp---Solidity-React---Blockchain-Development/defi-staking-app/node_modules/webpack/lib/NormalModule.js:466:5
    at /Users/carlosrendon/PROYECTOS/Full-Stack DApp Development with React and Web3/Complete-DApp---Solidity-React---Blockchain-Development/defi-staking-app/node_modules/webpack/lib/NormalModule.js:327:12
    at /Users/carlosrendon/PROYECTOS/Full-Stack DApp Development with React and Web3/Complete-DApp---Solidity-React---Blockchain-Development/defi-staking-app/node_modules/loader-runner/lib/LoaderRunner.js:373:3
    at iterateNormalLoaders (/Users/carlosrendon/PROYECTOS/Full-Stack DApp Development with React and Web3/Complete-DApp---Solidity-React---Blockchain-Development/defi-staking-app/node_modules/loader-runner/lib/LoaderRunner.js:214:10)
    at iterateNormalLoaders (/Users/carlosrendon/PROYECTOS/Full-Stack DApp Development with React and Web3/Complete-DApp---Solidity-React---Blockchain-Development/defi-staking-app/node_modules/loader-runner/lib/LoaderRunner.js:221:10)
    at /Users/carlosrendon/PROYECTOS/Full-Stack DApp Development with React and Web3/Complete-DApp---Solidity-React---Blockchain-Development/defi-staking-app/node_modules/loader-runner/lib/LoaderRunner.js:236:3
    at runSyncOrAsync (/Users/carlosrendon/PROYECTOS/Full-Stack DApp Development with React and Web3/Complete-DApp---Solidity-React---Blockchain-Development/defi-staking-app/node_modules/loader-runner/lib/LoaderRunner.js:130:11)
    at iterateNormalLoaders (/Users/carlosrendon/PROYECTOS/Full-Stack DApp Development with React and Web3/Complete-DApp---Solidity-React---Blockchain-Development/defi-staking-app/node_modules/loader-runner/lib/LoaderRunner.js:232:2)
    at Array.<anonymous> (/Users/carlosrendon/PROYECTOS/Full-Stack DApp Development with React and Web3/Complete-DApp---Solidity-React---Blockchain-Development/defi-staking-app/node_modules/loader-runner/lib/LoaderRunner.js:205:4)
    at Storage.finished (/Users/carlosrendon/PROYECTOS/Full-Stack DApp Development with React and Web3/Complete-DApp---Solidity-React---Blockchain-Development/defi-staking-app/node_modules/enhanced-resolve/lib/CachedInputFileSystem.js:55:16)
    at /Users/carlosrendon/PROYECTOS/Full-Stack DApp Development with React and Web3/Complete-DApp---Solidity-React---Blockchain-Development/defi-staking-app/node_modules/enhanced-resolve/lib/CachedInputFileSystem.js:91:9
(node:45619) [DEP0060] DeprecationWarning: The `util._extend` API is deprecated. Please use Object.assign() instead.
/Users/carlosrendon/PROYECTOS/Full-Stack DApp Development with React and Web3/Complete-DApp---Solidity-React---Blockchain-Development/defi-staking-app/node_modules/react-scripts/scripts/start.js:19
  throw err;
  ^

Error: error:0308010C:digital envelope routines::unsupported
    at new Hash (node:internal/crypto/hash:79:19)
    at Object.createHash (node:crypto:139:10)
    at module.exports (/Users/carlosrendon/PROYECTOS/Full-Stack DApp Development with React and Web3/Complete-DApp---Solidity-React---Blockchain-Development/defi-staking-app/node_modules/webpack/lib/util/createHash.js:90:53)
    at NormalModule._initBuildHash (/Users/carlosrendon/PROYECTOS/Full-Stack DApp Development with React and Web3/Complete-DApp---Solidity-React---Blockchain-Development/defi-staking-app/node_modules/webpack/lib/NormalModule.js:386:16)
    at /Users/carlosrendon/PROYECTOS/Full-Stack DApp Development with React and Web3/Complete-DApp---Solidity-React---Blockchain-Development/defi-staking-app/node_modules/webpack/lib/NormalModule.js:418:10
    at /Users/carlosrendon/PROYECTOS/Full-Stack DApp Development with React and Web3/Complete-DApp---Solidity-React---Blockchain-Development/defi-staking-app/node_modules/webpack/lib/NormalModule.js:293:13
    at /Users/carlosrendon/PROYECTOS/Full-Stack DApp Development with React and Web3/Complete-DApp---Solidity-React---Blockchain-Development/defi-staking-app/node_modules/loader-runner/lib/LoaderRunner.js:367:11
    at /Users/carlosrendon/PROYECTOS/Full-Stack DApp Development with React and Web3/Complete-DApp---Solidity-React---Blockchain-Development/defi-staking-app/node_modules/loader-runner/lib/LoaderRunner.js:233:18
    at context.callback (/Users/carlosrendon/PROYECTOS/Full-Stack DApp Development with React and Web3/Complete-DApp---Solidity-React---Blockchain-Development/defi-staking-app/node_modules/loader-runner/lib/LoaderRunner.js:111:13)
    at /Users/carlosrendon/PROYECTOS/Full-Stack DApp Development with React and Web3/Complete-DApp---Solidity-React---Blockchain-Development/defi-staking-app/node_modules/babel-loader/lib/index.js:51:103
    at process.processTicksAndRejections (node:internal/process/task_queues:105:5) {
  opensslErrorStack: [
    'error:03000086:digital envelope routines::initialization error',
    'error:0308010C:digital envelope routines::unsupported'
  ],
  library: 'digital envelope routines',
  reason: 'unsupported',
  code: 'ERR_OSSL_EVP_UNSUPPORTED'
}

Node.js v22.10.0
